[2026-03-10 19:43:06] ======================================================================
[2026-03-10 19:43:06] KALSHI SETTLEMENT TIMING TEST
[2026-03-10 19:43:06] ======================================================================
[2026-03-10 19:43:06] Monitoring BTC 15-minute market settlements...
[2026-03-10 19:43:06] Will track: window close time -> settlement available time
[2026-03-10 19:43:06] Logging to: /Users/corbandamukaitis/Desktop/Personal Projects/15 minute trade strategy/kalshi-official-trader-corbeezy-the-king/settlement_timing.log
[2026-03-10 19:43:06] ======================================================================
[2026-03-10 19:43:07] Ignoring 5 historical settlements
[2026-03-10 19:43:08] ACTIVE: KXBTC15M-26MAR101945-45 | Strike: $69,798.07 | Closes: 2026-03-10T23:45:00Z
[2026-03-10 19:44:56] >>> WINDOW CLOSING: KXBTC15M-26MAR101945-45 in 4.2s | BTC: $69,919.20 | Strike: $69,798.07
[2026-03-10 19:45:13] ACTIVE: KXBTC15M-26MAR102000-00 | Strike: $69,928.59 | Closes: 2026-03-11T00:00:00Z
[2026-03-10 19:46:32] WAITING for settlement: KXBTC15M-26MAR101945-45 (closed 92s ago)
[2026-03-10 19:46:35] ============================================================
[2026-03-10 19:46:35] SETTLED: KXBTC15M-26MAR101945-45
[2026-03-10 19:46:35]   Result from Kalshi API: yes -> YES (UP)
[2026-03-10 19:46:35]   Strike: $69,798.07
[2026-03-10 19:46:35]   BTC at close: $69,919.20
[2026-03-10 19:46:35]   Settlement delay: 95.8 seconds after close
[2026-03-10 19:46:35] ============================================================
[2026-03-10 19:59:58] >>> WINDOW CLOSING: KXBTC15M-26MAR102000-00 in 2.5s | BTC: $69,955.40 | Strike: $69,928.59
[2026-03-10 20:00:14] ACTIVE: KXBTC15M-26MAR102015-15 | Strike: $69,947.69 | Closes: 2026-03-11T00:15:00Z
[2026-03-10 20:01:02] WAITING for settlement: KXBTC15M-26MAR102000-00 (closed 61s ago)
[2026-03-10 20:01:31] ============================================================
[2026-03-10 20:01:31] SETTLED: KXBTC15M-26MAR102000-00
[2026-03-10 20:01:31]   Result from Kalshi API: yes -> YES (UP)
[2026-03-10 20:01:31]   Strike: $69,928.59
[2026-03-10 20:01:31]   BTC at close: $69,955.40
[2026-03-10 20:01:31]   Settlement delay: 91.4 seconds after close
[2026-03-10 20:01:31] ============================================================
[2026-03-10 20:14:58] >>> WINDOW CLOSING: KXBTC15M-26MAR102015-15 in 2.7s | BTC: $70,075.80 | Strike: $69,947.69
[2026-03-10 20:15:17] ACTIVE: KXBTC15M-26MAR102030-30 | Strike: $0.00 | Closes: 2026-03-11T00:30:00Z
[2026-03-10 20:16:01] WAITING for settlement: KXBTC15M-26MAR102015-15 (closed 60s ago)
[2026-03-10 20:16:33] ============================================================
[2026-03-10 20:16:33] SETTLED: KXBTC15M-26MAR102015-15
[2026-03-10 20:16:33]   Result from Kalshi API: yes -> YES (UP)
[2026-03-10 20:16:33]   Strike: $69,947.69
[2026-03-10 20:16:33]   BTC at close: $70,075.80
[2026-03-10 20:16:33]   Settlement delay: 93.2 seconds after close
[2026-03-10 20:16:33] ============================================================
[2026-03-10 20:29:59] >>> WINDOW CLOSING: KXBTC15M-26MAR102030-30 in 1.4s | BTC: $70,080.30 | Strike: $70,072.43
[2026-03-10 20:30:31] ACTIVE: KXBTC15M-26MAR102045-45 | Strike: $70,075.38 | Closes: 2026-03-11T00:45:00Z
[2026-03-10 20:31:31] WAITING for settlement: KXBTC15M-26MAR102030-30 (closed 91s ago)
[2026-03-10 20:31:35] ============================================================
[2026-03-10 20:31:35] SETTLED: KXBTC15M-26MAR102030-30
[2026-03-10 20:31:35]   Result from Kalshi API: yes -> YES (UP)
[2026-03-10 20:31:35]   Strike: $70,072.43
[2026-03-10 20:31:35]   BTC at close: $70,080.30
[2026-03-10 20:31:35]   Settlement delay: 95.1 seconds after close
[2026-03-10 20:31:35] ============================================================
[2026-03-10 20:44:57] >>> WINDOW CLOSING: KXBTC15M-26MAR102045-45 in 3.0s | BTC: $69,847.70 | Strike: $70,075.38
[2026-03-10 20:45:10] ACTIVE: KXBTC15M-26MAR102100-00 | Strike: $69,841.77 | Closes: 2026-03-11T01:00:00Z
[2026-03-10 20:46:01] WAITING for settlement: KXBTC15M-26MAR102045-45 (closed 61s ago)
[2026-03-10 20:46:27] ============================================================
[2026-03-10 20:46:27] SETTLED: KXBTC15M-26MAR102045-45
[2026-03-10 20:46:27]   Result from Kalshi API: no -> NO (DOWN)
[2026-03-10 20:46:27]   Strike: $70,075.38
[2026-03-10 20:46:27]   BTC at close: $69,847.70
[2026-03-10 20:46:27]   Settlement delay: 87.2 seconds after close
[2026-03-10 20:46:27] ============================================================
[2026-03-10 20:59:57] >>> WINDOW CLOSING: KXBTC15M-26MAR102100-00 in 3.0s | BTC: $70,052.10 | Strike: $69,841.77
[2026-03-10 21:00:08] ACTIVE: KXBTC15M-26MAR102115-15 | Strike: $0.00 | Closes: 2026-03-11T01:15:00Z
[2026-03-10 21:01:32] ============================================================
[2026-03-10 21:01:32] SETTLED: KXBTC15M-26MAR102100-00
[2026-03-10 21:01:32]   Result from Kalshi API: yes -> YES (UP)
[2026-03-10 21:01:32]   Strike: $69,841.77
[2026-03-10 21:01:32]   BTC at close: $70,052.10
[2026-03-10 21:01:32]   Settlement delay: 92.4 seconds after close
[2026-03-10 21:01:32] ============================================================
[2026-03-10 21:14:58] >>> WINDOW CLOSING: KXBTC15M-26MAR102115-15 in 2.3s | BTC: $70,067.10 | Strike: $70,058.55
[2026-03-10 21:15:17] ACTIVE: KXBTC15M-26MAR102130-30 | Strike: $70,119.85 | Closes: 2026-03-11T01:30:00Z
[2026-03-10 21:16:02] WAITING for settlement: KXBTC15M-26MAR102115-15 (closed 62s ago)
[2026-03-10 21:16:43] ============================================================
[2026-03-10 21:16:43] SETTLED: KXBTC15M-26MAR102115-15
[2026-03-10 21:16:43]   Result from Kalshi API: yes -> YES (UP)
[2026-03-10 21:16:43]   Strike: $70,058.55
[2026-03-10 21:16:43]   BTC at close: $70,067.10
[2026-03-10 21:16:43]   Settlement delay: 103.5 seconds after close
[2026-03-10 21:16:43] ============================================================
[2026-03-10 21:29:57] >>> WINDOW CLOSING: KXBTC15M-26MAR102130-30 in 3.7s | BTC: $70,082.00 | Strike: $70,119.85
[2026-03-10 21:30:13] ACTIVE: KXBTC15M-26MAR102145-45 | Strike: $70,033.63 | Closes: 2026-03-11T01:45:00Z
[2026-03-10 21:31:02] WAITING for settlement: KXBTC15M-26MAR102130-30 (closed 61s ago)
